2021-06-04T07:21:55.608Z - normal: Load ~/.CocosCreator/settings.json
2021-06-04T07:21:55.648Z - normal: Initializing Asset Database
2021-06-04T07:21:55.650Z - normal: checking language setting...
2021-06-04T07:21:55.650Z - normal: Language: en
2021-06-04T07:21:56.128Z - success: preview server running at http://localhost:7456
2021-06-04T07:21:56.140Z - success: protocol editor-framework registered
2021-06-04T07:21:56.140Z - success: protocol app registered
2021-06-04T07:21:56.140Z - success: protocol theme registered
2021-06-04T07:21:56.140Z - success: protocol packages registered
2021-06-04T07:21:56.140Z - success: protocol uuid registerred
2021-06-04T07:21:56.140Z - success: protocol db registerred
2021-06-04T07:21:56.141Z - success: protocol thumbnail registerred
2021-06-04T07:21:56.141Z - success: protocol unpack registerred
2021-06-04T07:21:56.141Z - success: protocol disable-commonjs registerred
2021-06-04T07:21:57.701Z - normal: connected!
2021-06-04T07:21:57.702Z - normal: Check project /Users/gemi/2048_ProjectCocos
2021-06-04T07:21:57.704Z - normal: Initializing project /Users/gemi/2048_ProjectCocos
2021-06-04T07:21:57.964Z - normal: Initializing Cocos2d
2021-06-04T07:21:58.425Z - normal: Initializing engine extends
2021-06-04T07:21:58.442Z - success: alipay-adapter loaded
2021-06-04T07:21:58.448Z - success: asset-db-debugger loaded
2021-06-04T07:21:58.452Z - success: baidu-adapter loaded
2021-06-04T07:21:58.457Z - success: color-picker loaded
2021-06-04T07:21:58.551Z - success: fb-audience-network loaded
2021-06-04T07:21:58.583Z - success: fb-live-stream loaded
2021-06-04T07:21:58.585Z - success: google-play-instant loaded
2021-06-04T07:21:58.587Z - success: huawei-runtime loaded
2021-06-04T07:21:58.735Z - success: cpk-publish loaded
2021-06-04T07:21:58.735Z - success: jsb-adapter loaded
2021-06-04T07:21:58.738Z - success: oppo-runtime loaded
2021-06-04T07:21:58.742Z - success: package-manager loaded
2021-06-04T07:21:58.818Z - success: qqplay-adapter loaded
2021-06-04T07:21:58.819Z - success: runtime-dev-tools loaded
2021-06-04T07:21:58.823Z - success: sdkbox loaded
2021-06-04T07:21:58.826Z - success: tester loaded
2021-06-04T07:21:58.828Z - success: ui-kit-preview-extra loaded
2021-06-04T07:21:58.831Z - success: ui-kit-preview loaded
2021-06-04T07:21:58.834Z - success: ui-kit loaded
2021-06-04T07:21:58.837Z - success: vivo-runtime loaded
2021-06-04T07:21:58.838Z - success: weapp-adapter loaded
2021-06-04T07:21:58.838Z - success: xiaomi-adapter loaded
2021-06-04T07:21:58.840Z - success: alipay-minigame loaded
2021-06-04T07:21:58.872Z - success: assets loaded
2021-06-04T07:21:58.874Z - success: builder loaded
2021-06-04T07:21:59.049Z - success: cocos-services loaded
2021-06-04T07:21:59.053Z - success: console loaded
2021-06-04T07:21:59.080Z - success: fb-instant-games loaded
2021-06-04T07:21:59.083Z - success: game-window loaded
2021-06-04T07:21:59.084Z - success: google-instant-games loaded
2021-06-04T07:21:59.088Z - success: hierarchy loaded
2021-06-04T07:21:59.090Z - success: inspector loaded
2021-06-04T07:21:59.091Z - success: keystore loaded
2021-06-04T07:21:59.095Z - success: node-library loaded
2021-06-04T07:21:59.096Z - success: package-asset loaded
2021-06-04T07:21:59.096Z - success: preferences loaded
2021-06-04T07:21:59.098Z - success: project-exporter loaded
2021-06-04T07:21:59.102Z - success: project-importer loaded
2021-06-04T07:21:59.109Z - success: project-settings loaded
2021-06-04T07:21:59.113Z - success: scene loaded
2021-06-04T07:21:59.114Z - success: simulator-debugger loaded
2021-06-04T07:21:59.114Z - success: sprite-editor loaded
2021-06-04T07:21:59.118Z - success: store loaded
2021-06-04T07:21:59.123Z - success: timeline loaded
2021-06-04T07:21:59.125Z - success: xiaomi-runtime loaded
2021-06-04T07:22:00.244Z - normal: Loading packages
2021-06-04T07:22:00.248Z - normal: Watching packages
2021-06-04T07:22:00.339Z - normal: Run Application
2021-06-04T07:22:02.966Z - info: Cocos Services load base data!
